2025-12-30 23:06:14,372 - message_handler - INFO - 消息处理器初始化完成
2025-12-30 23:07:06,530 - message_handler - INFO - 消息处理器初始化完成
2025-12-30 23:16:25,148 - message_handler - INFO - 消息处理器初始化完成
2025-12-30 23:16:41,969 - message_handler - INFO - 共提取到 1 条报文
2025-12-30 23:16:41,969 - message_handler - WARNING - 提取命令码时超出数据范围
2025-12-30 23:16:41,969 - message_handler - WARNING - 无法提取命令码，报文格式可能不正确
2025-12-30 23:16:41,969 - message_handler - WARNING - 生成响应消息失败
2025-12-30 23:16:48,977 - message_handler - INFO - 共提取到 1 条报文
2025-12-30 23:16:48,978 - message_handler - WARNING - 提取命令码时超出数据范围
2025-12-30 23:16:48,978 - message_handler - WARNING - 无法提取命令码，报文格式可能不正确
2025-12-30 23:16:48,979 - message_handler - WARNING - 生成响应消息失败
2025-12-30 23:16:55,992 - message_handler - INFO - 共提取到 1 条报文
2025-12-30 23:16:55,996 - message_handler - WARNING - 提取命令码时超出数据范围
2025-12-30 23:16:55,996 - message_handler - WARNING - 无法提取命令码，报文格式可能不正确
2025-12-30 23:16:55,996 - message_handler - WARNING - 生成响应消息失败
2025-12-30 23:17:03,002 - message_handler - INFO - 共提取到 1 条报文
2025-12-30 23:17:03,004 - message_handler - WARNING - 提取命令码时超出数据范围
2025-12-30 23:17:03,005 - message_handler - WARNING - 无法提取命令码，报文格式可能不正确
2025-12-30 23:17:03,005 - message_handler - WARNING - 生成响应消息失败
2025-12-30 23:17:10,026 - message_handler - INFO - 共提取到 1 条报文
2025-12-30 23:17:10,030 - message_handler - WARNING - 提取命令码时超出数据范围
2025-12-30 23:17:10,031 - message_handler - WARNING - 无法提取命令码，报文格式可能不正确
