2025-12-30 23:06:14,374 - udp_server_core - INFO - UDP服务器已启动，监听地址: 0.0.0.0:8081
2025-12-30 23:07:06,530 - udp_server_core - INFO - UDP服务器已启动，监听地址: 0.0.0.0:8081
2025-12-30 23:16:25,148 - udp_server_core - INFO - UDP服务器已启动，监听地址: 0.0.0.0:8081
2025-12-30 23:16:41,967 - udp_server_core - INFO - 
收到来自 127.0.0.1:49208 的请求
2025-12-30 23:16:41,967 - udp_server_core - INFO - 接收到的数据 (原始): b'~2\x01\x00\x89?\x83|\r'
2025-12-30 23:16:41,967 - udp_server_core - INFO - 接收到的数据 (16进制): 7E320100893F837C0D
2025-12-30 23:16:41,969 - udp_server_core - INFO - 
提取到 1 个报文 (7e起始0d结尾):
2025-12-30 23:16:41,969 - udp_server_core - INFO -   报文 1:
2025-12-30 23:16:41,969 - udp_server_core - INFO -     原始数据: b'~2\x01\x00\x89?\x83|\r'
2025-12-30 23:16:41,969 - udp_server_core - INFO -     16进制: 7E320100893F837C0D
2025-12-30 23:16:41,969 - udp_server_core - INFO -     长度: 9 字节
2025-12-30 23:16:41,970 - udp_server_core - WARNING - 消息校验失败，未发送响应
2025-12-30 23:16:48,975 - udp_server_core - INFO - 
收到来自 127.0.0.1:49208 的请求
2025-12-30 23:16:48,976 - udp_server_core - INFO - 接收到的数据 (原始): b'~2\x01\x01-Z\xcd\x14\r'
2025-12-30 23:16:48,976 - udp_server_core - INFO - 接收到的数据 (16进制): 7E3201012D5ACD140D
2025-12-30 23:16:48,977 - udp_server_core - INFO - 
提取到 1 个报文 (7e起始0d结尾):
2025-12-30 23:16:48,977 - udp_server_core - INFO -   报文 1:
2025-12-30 23:16:48,977 - udp_server_core - INFO -     原始数据: b'~2\x01\x01-Z\xcd\x14\r'
2025-12-30 23:16:48,978 - udp_server_core - INFO -     16进制: 7E3201012D5ACD140D
2025-12-30 23:16:48,978 - udp_server_core - INFO -     长度: 9 字节
2025-12-30 23:16:48,979 - udp_server_core - WARNING - 消息校验失败，未发送响应
2025-12-30 23:16:55,988 - udp_server_core - INFO - 
收到来自 127.0.0.1:49208 的请求
2025-12-30 23:16:55,990 - udp_server_core - INFO - 接收到的数据 (原始): b'~2\x01\x00$\x16\xea\xbf\r'
2025-12-30 23:16:55,991 - udp_server_core - INFO - 接收到的数据 (16进制): 7E3201002416EABF0D
2025-12-30 23:16:55,993 - udp_server_core - INFO - 
提取到 1 个报文 (7e起始0d结尾):
2025-12-30 23:16:55,994 - udp_server_core - INFO -   报文 1:
2025-12-30 23:16:55,994 - udp_server_core - INFO -     原始数据: b'~2\x01\x00$\x16\xea\xbf\r'
2025-12-30 23:16:55,995 - udp_server_core - INFO -     16进制: 7E3201002416EABF0D
2025-12-30 23:16:55,995 - udp_server_core - INFO -     长度: 9 字节
2025-12-30 23:16:55,997 - udp_server_core - WARNING - 消息校验失败，未发送响应
2025-12-30 23:17:03,001 - udp_server_core - INFO - 
收到来自 127.0.0.1:49208 的请求
2025-12-30 23:17:03,002 - udp_server_core - INFO - 接收到的数据 (原始): b'~2\x01\x01\\\x05Nb\r'
2025-12-30 23:17:03,002 - udp_server_core - INFO - 接收到的数据 (16进制): 7E3201015C054E620D
2025-12-30 23:17:03,003 - udp_server_core - INFO - 
提取到 1 个报文 (7e起始0d结尾):
2025-12-30 23:17:03,003 - udp_server_core - INFO -   报文 1:
2025-12-30 23:17:03,003 - udp_server_core - INFO -     原始数据: b'~2\x01\x01\\\x05Nb\r'
2025-12-30 23:17:03,004 - udp_server_core - INFO -     16进制: 7E3201015C054E620D
2025-12-30 23:17:03,004 - udp_server_core - INFO -     长度: 9 字节
2025-12-30 23:17:03,005 - udp_server_core - WARNING - 消息校验失败，未发送响应
2025-12-30 23:17:10,023 - udp_server_core - INFO - 
收到来自 127.0.0.1:49208 的请求
2025-12-30 23:17:10,024 - udp_server_core - INFO - 接收到的数据 (原始): b'~2\x01\x00\xe9\x06f\\\r'
2025-12-30 23:17:10,025 - udp_server_core - INFO - 接收到的数据 (16进制): 7E320100E906665C0D
2025-12-30 23:17:10,027 - udp_server_core - INFO - 
提取到 1 个报文 (7e起始0d结尾):
2025-12-30 23:17:10,027 - udp_server_core - INFO -   报文 1:
2025-12-30 23:17:10,028 - udp_server_core - INFO -     原始数据: b'~2\x01\x00\xe9\x06f\\\r'
2025-12-30 23:17:10,029 - udp_server_core - INFO -     16进制: 7E320100E906665C0D
2025-12-30 23:17:10,029 - udp_server_core - INFO -     长度: 9 字节
