2025-12-30 23:06:14,372 - message_handler - INFO - 消息处理器初始化完成
2025-12-30 23:07:06,530 - message_handler - INFO - 消息处理器初始化完成
2025-12-30 23:16:25,148 - message_handler - INFO - 消息处理器初始化完成
2025-12-30 23:16:41,969 - message_handler - INFO - 共提取到 1 条报文
2025-12-30 23:16:41,969 - message_handler - WARNING - 提取命令码时超出数据范围
2025-12-30 23:16:41,969 - message_handler - WARNING - 无法提取命令码，报文格式可能不正确
2025-12-30 23:16:41,969 - message_handler - WARNING - 生成响应消息失败
2025-12-30 23:16:48,977 - message_handler - INFO - 共提取到 1 条报文
2025-12-30 23:16:48,978 - message_handler - WARNING - 提取命令码时超出数据范围
2025-12-30 23:16:48,978 - message_handler - WARNING - 无法提取命令码，报文格式可能不正确
2025-12-30 23:16:48,979 - message_handler - WARNING - 生成响应消息失败
2025-12-30 23:16:55,992 - message_handler - INFO - 共提取到 1 条报文
2025-12-30 23:16:55,996 - message_handler - WARNING - 提取命令码时超出数据范围
2025-12-30 23:16:55,996 - message_handler - WARNING - 无法提取命令码，报文格式可能不正确
2025-12-30 23:16:55,996 - message_handler - WARNING - 生成响应消息失败
2025-12-30 23:17:03,002 - message_handler - INFO - 共提取到 1 条报文
2025-12-30 23:17:03,004 - message_handler - WARNING - 提取命令码时超出数据范围
2025-12-30 23:17:03,005 - message_handler - WARNING - 无法提取命令码，报文格式可能不正确
2025-12-30 23:17:03,005 - message_handler - WARNING - 生成响应消息失败
2025-12-30 23:17:10,026 - message_handler - INFO - 共提取到 1 条报文
2025-12-30 23:17:10,030 - message_handler - WARNING - 提取命令码时超出数据范围
2025-12-30 23:17:10,031 - message_handler - WARNING - 无法提取命令码，报文格式可能不正确
2025-12-30 23:17:10,031 - message_handler - WARNING - 生成响应消息失败
2025-12-30 23:17:17,051 - message_handler - INFO - 共提取到 1 条报文
2025-12-30 23:17:17,052 - message_handler - WARNING - 提取命令码时超出数据范围
2025-12-30 23:17:17,052 - message_handler - WARNING - 无法提取命令码，报文格式可能不正确
2025-12-30 23:17:17,053 - message_handler - WARNING - 生成响应消息失败
2025-12-30 23:17:24,070 - message_handler - INFO - 共提取到 1 条报文
2025-12-30 23:17:24,071 - message_handler - WARNING - 提取命令码时超出数据范围
2025-12-30 23:17:24,071 - message_handler - WARNING - 无法提取命令码，报文格式可能不正确
2025-12-30 23:17:24,071 - message_handler - WARNING - 生成响应消息失败
2025-12-30 23:17:31,086 - message_handler - INFO - 共提取到 1 条报文
2025-12-30 23:17:31,090 - message_handler - WARNING - 提取命令码时超出数据范围
2025-12-30 23:17:31,090 - message_handler - WARNING - 无法提取命令码，报文格式可能不正确
2025-12-30 23:17:31,091 - message_handler - WARNING - 生成响应消息失败
2025-12-30 23:17:38,114 - message_handler - INFO - 共提取到 1 条报文
2025-12-30 23:17:38,118 - message_handler - WARNING - 提取命令码时超出数据范围
2025-12-30 23:17:38,118 - message_handler - WARNING - 无法提取命令码，报文格式可能不正确
2025-12-30 23:17:38,119 - message_handler - WARNING - 生成响应消息失败
2025-12-30 23:17:45,126 - message_handler - INFO - 共提取到 1 条报文
2025-12-30 23:17:45,131 - message_handler - WARNING - 提取命令码时超出数据范围
2025-12-30 23:17:45,131 - message_handler - WARNING - 无法提取命令码，报文格式可能不正确
2025-12-30 23:17:45,131 - message_handler - WARNING - 生成响应消息失败
2025-12-30 23:17:52,148 - message_handler - INFO - 共提取到 1 条报文
2025-12-30 23:17:52,152 - message_handler - WARNING - 提取命令码时超出数据范围
2025-12-30 23:17:52,153 - message_handler - WARNING - 无法提取命令码，报文格式可能不正确
2025-12-30 23:17:52,153 - message_handler - WARNING - 生成响应消息失败
2025-12-30 23:17:59,161 - message_handler - INFO - 共提取到 1 条报文
2025-12-30 23:17:59,164 - message_handler - WARNING - 提取命令码时超出数据范围
2025-12-30 23:17:59,165 - message_handler - WARNING - 无法提取命令码，报文格式可能不正确
2025-12-30 23:17:59,165 - message_handler - WARNING - 生成响应消息失败
2025-12-30 23:18:06,169 - message_handler - INFO - 共提取到 1 条报文
2025-12-30 23:18:06,173 - message_handler - WARNING - 提取命令码时超出数据范围
2025-12-30 23:18:06,173 - message_handler - WARNING - 无法提取命令码，报文格式可能不正确
2025-12-30 23:18:06,173 - message_handler - WARNING - 生成响应消息失败
2025-12-30 23:18:13,184 - message_handler - INFO - 共提取到 1 条报文
2025-12-30 23:18:13,187 - message_handler - WARNING - 提取命令码时超出数据范围
2025-12-30 23:18:13,188 - message_handler - WARNING - 无法提取命令码，报文格式可能不正确
2025-12-30 23:18:13,188 - message_handler - WARNING - 生成响应消息失败
2025-12-30 23:18:20,207 - message_handler - INFO - 共提取到 1 条报文
2025-12-30 23:18:20,211 - message_handler - WARNING - 提取命令码时超出数据范围
2025-12-30 23:18:20,211 - message_handler - WARNING - 无法提取命令码，报文格式可能不正确
2025-12-30 23:18:20,211 - message_handler - WARNING - 生成响应消息失败
2025-12-30 23:18:27,222 - message_handler - INFO - 共提取到 1 条报文
2025-12-30 23:18:27,223 - message_handler - WARNING - 提取命令码时超出数据范围
2025-12-30 23:18:27,223 - message_handler - WARNING - 无法提取命令码，报文格式可能不正确
2025-12-30 23:18:27,223 - message_handler - WARNING - 生成响应消息失败
2025-12-30 23:18:34,237 - message_handler - INFO - 共提取到 1 条报文
2025-12-30 23:18:34,238 - message_handler - WARNING - 提取命令码时超出数据范围
2025-12-30 23:18:34,238 - message_handler - WARNING - 无法提取命令码，报文格式可能不正确
2025-12-30 23:18:34,238 - message_handler - WARNING - 生成响应消息失败
2025-12-30 23:18:41,265 - message_handler - INFO - 共提取到 1 条报文
2025-12-30 23:18:41,267 - message_handler - WARNING - 提取命令码时超出数据范围
2025-12-30 23:18:41,268 - message_handler - WARNING - 无法提取命令码，报文格式可能不正确
2025-12-30 23:18:41,268 - message_handler - WARNING - 生成响应消息失败
2025-12-30 23:18:48,285 - message_handler - INFO - 共提取到 1 条报文
2025-12-30 23:18:48,289 - message_handler - WARNING - 提取命令码时超出数据范围
2025-12-30 23:18:48,289 - message_handler - WARNING - 无法提取命令码，报文格式可能不正确
2025-12-30 23:18:48,290 - message_handler - WARNING - 生成响应消息失败
2025-12-30 23:18:55,304 - message_handler - INFO - 共提取到 1 条报文
2025-12-30 23:18:55,305 - message_handler - WARNING - 提取命令码时超出数据范围
2025-12-30 23:18:55,306 - message_handler - WARNING - 无法提取命令码，报文格式可能不正确
2025-12-30 23:18:55,306 - message_handler - WARNING - 生成响应消息失败
2025-12-30 23:19:02,323 - message_handler - INFO - 共提取到 1 条报文
2025-12-30 23:19:02,327 - message_handler - WARNING - 提取命令码时超出数据范围
2025-12-30 23:19:02,327 - message_handler - WARNING - 无法提取命令码，报文格式可能不正确
2025-12-30 23:19:02,328 - message_handler - WARNING - 生成响应消息失败
2025-12-30 23:19:09,337 - message_handler - INFO - 共提取到 1 条报文
2025-12-30 23:19:09,338 - message_handler - WARNING - 提取命令码时超出数据范围
2025-12-30 23:19:09,338 - message_handler - WARNING - 无法提取命令码，报文格式可能不正确
2025-12-30 23:19:09,339 - message_handler - WARNING - 生成响应消息失败
2025-12-30 23:19:16,359 - message_handler - INFO - 共提取到 1 条报文
2025-12-30 23:19:16,360 - message_handler - WARNING - 提取命令码时超出数据范围
2025-12-30 23:19:16,360 - message_handler - WARNING - 无法提取命令码，报文格式可能不正确
2025-12-30 23:19:16,360 - message_handler - WARNING - 生成响应消息失败
2025-12-30 23:19:23,383 - message_handler - INFO - 共提取到 1 条报文
2025-12-30 23:19:23,387 - message_handler - WARNING - 提取命令码时超出数据范围
2025-12-30 23:19:23,387 - message_handler - WARNING - 无法提取命令码，报文格式可能不正确
2025-12-30 23:19:23,387 - message_handler - WARNING - 生成响应消息失败
2025-12-30 23:19:30,412 - message_handler - INFO - 共提取到 1 条报文
2025-12-30 23:19:30,414 - message_handler - WARNING - 提取命令码时超出数据范围
2025-12-30 23:19:30,414 - message_handler - WARNING - 无法提取命令码，报文格式可能不正确
2025-12-30 23:19:30,414 - message_handler - WARNING - 生成响应消息失败
2025-12-30 23:19:37,415 - message_handler - INFO - 共提取到 1 条报文
2025-12-30 23:19:37,416 - message_handler - WARNING - 提取命令码时超出数据范围
2025-12-30 23:19:37,416 - message_handler - WARNING - 无法提取命令码，报文格式可能不正确
2025-12-30 23:19:37,417 - message_handler - WARNING - 生成响应消息失败
2025-12-30 23:19:44,445 - message_handler - INFO - 共提取到 1 条报文
2025-12-30 23:19:44,448 - message_handler - WARNING - 提取命令码时超出数据范围
2025-12-30 23:19:44,448 - message_handler - WARNING - 无法提取命令码，报文格式可能不正确
2025-12-30 23:19:44,448 - message_handler - WARNING - 生成响应消息失败
2025-12-30 23:19:51,463 - message_handler - INFO - 共提取到 1 条报文
2025-12-30 23:19:51,464 - message_handler - WARNING - 提取命令码时超出数据范围
2025-12-30 23:19:51,465 - message_handler - WARNING - 无法提取命令码，报文格式可能不正确
2025-12-30 23:19:51,465 - message_handler - WARNING - 生成响应消息失败
2025-12-30 23:19:58,477 - message_handler - INFO - 共提取到 1 条报文
2025-12-30 23:19:58,478 - message_handler - WARNING - 提取命令码时超出数据范围
2025-12-30 23:19:58,478 - message_handler - WARNING - 无法提取命令码，报文格式可能不正确
2025-12-30 23:19:58,478 - message_handler - WARNING - 生成响应消息失败
2025-12-30 23:20:05,505 - message_handler - INFO - 共提取到 1 条报文
2025-12-30 23:20:05,506 - message_handler - WARNING - 提取命令码时超出数据范围
2025-12-30 23:20:05,506 - message_handler - WARNING - 无法提取命令码，报文格式可能不正确
2025-12-30 23:20:05,506 - message_handler - WARNING - 生成响应消息失败
2025-12-30 23:20:12,528 - message_handler - INFO - 共提取到 1 条报文
2025-12-30 23:20:12,532 - message_handler - WARNING - 提取命令码时超出数据范围
2025-12-30 23:20:12,532 - message_handler - WARNING - 无法提取命令码，报文格式可能不正确
2025-12-30 23:20:12,533 - message_handler - WARNING - 生成响应消息失败
2025-12-30 23:20:19,552 - message_handler - INFO - 共提取到 1 条报文
2025-12-30 23:20:19,555 - message_handler - WARNING - 提取命令码时超出数据范围
2025-12-30 23:20:19,555 - message_handler - WARNING - 无法提取命令码，报文格式可能不正确
2025-12-30 23:20:19,556 - message_handler - WARNING - 生成响应消息失败
2025-12-30 23:20:26,579 - message_handler - INFO - 共提取到 1 条报文
2025-12-30 23:20:26,581 - message_handler - WARNING - 提取命令码时超出数据范围
2025-12-30 23:20:26,581 - message_handler - WARNING - 无法提取命令码，报文格式可能不正确
2025-12-30 23:20:26,581 - message_handler - WARNING - 生成响应消息失败
