2025-12-30 23:06:14,374 - udp_server_core - INFO - UDP服务器已启动，监听地址: 0.0.0.0:8081
2025-12-30 23:07:06,530 - udp_server_core - INFO - UDP服务器已启动，监听地址: 0.0.0.0:8081
2025-12-30 23:16:25,148 - udp_server_core - INFO - UDP服务器已启动，监听地址: 0.0.0.0:8081
2025-12-30 23:16:41,967 - udp_server_core - INFO - 
收到来自 127.0.0.1:49208 的请求
2025-12-30 23:16:41,967 - udp_server_core - INFO - 接收到的数据 (原始): b'~2\x01\x00\x89?\x83|\r'
2025-12-30 23:16:41,967 - udp_server_core - INFO - 接收到的数据 (16进制): 7E320100893F837C0D
2025-12-30 23:16:41,969 - udp_server_core - INFO - 
提取到 1 个报文 (7e起始0d结尾):
2025-12-30 23:16:41,969 - udp_server_core - INFO -   报文 1:
2025-12-30 23:16:41,969 - udp_server_core - INFO -     原始数据: b'~2\x01\x00\x89?\x83|\r'
2025-12-30 23:16:41,969 - udp_server_core - INFO -     16进制: 7E320100893F837C0D
2025-12-30 23:16:41,969 - udp_server_core - INFO -     长度: 9 字节
2025-12-30 23:16:41,970 - udp_server_core - WARNING - 消息校验失败，未发送响应
2025-12-30 23:16:48,975 - udp_server_core - INFO - 
收到来自 127.0.0.1:49208 的请求
2025-12-30 23:16:48,976 - udp_server_core - INFO - 接收到的数据 (原始): b'~2\x01\x01-Z\xcd\x14\r'
2025-12-30 23:16:48,976 - udp_server_core - INFO - 接收到的数据 (16进制): 7E3201012D5ACD140D
2025-12-30 23:16:48,977 - udp_server_core - INFO - 
提取到 1 个报文 (7e起始0d结尾):
2025-12-30 23:16:48,977 - udp_server_core - INFO -   报文 1:
2025-12-30 23:16:48,977 - udp_server_core - INFO -     原始数据: b'~2\x01\x01-Z\xcd\x14\r'
2025-12-30 23:16:48,978 - udp_server_core - INFO -     16进制: 7E3201012D5ACD140D
2025-12-30 23:16:48,978 - udp_server_core - INFO -     长度: 9 字节
2025-12-30 23:16:48,979 - udp_server_core - WARNING - 消息校验失败，未发送响应
2025-12-30 23:16:55,988 - udp_server_core - INFO - 
收到来自 127.0.0.1:49208 的请求
2025-12-30 23:16:55,990 - udp_server_core - INFO - 接收到的数据 (原始): b'~2\x01\x00$\x16\xea\xbf\r'
2025-12-30 23:16:55,991 - udp_server_core - INFO - 接收到的数据 (16进制): 7E3201002416EABF0D
2025-12-30 23:16:55,993 - udp_server_core - INFO - 
提取到 1 个报文 (7e起始0d结尾):
2025-12-30 23:16:55,994 - udp_server_core - INFO -   报文 1:
2025-12-30 23:16:55,994 - udp_server_core - INFO -     原始数据: b'~2\x01\x00$\x16\xea\xbf\r'
2025-12-30 23:16:55,995 - udp_server_core - INFO -     16进制: 7E3201002416EABF0D
2025-12-30 23:16:55,995 - udp_server_core - INFO -     长度: 9 字节
2025-12-30 23:16:55,997 - udp_server_core - WARNING - 消息校验失败，未发送响应
2025-12-30 23:17:03,001 - udp_server_core - INFO - 
收到来自 127.0.0.1:49208 的请求
2025-12-30 23:17:03,002 - udp_server_core - INFO - 接收到的数据 (原始): b'~2\x01\x01\\\x05Nb\r'
2025-12-30 23:17:03,002 - udp_server_core - INFO - 接收到的数据 (16进制): 7E3201015C054E620D
2025-12-30 23:17:03,003 - udp_server_core - INFO - 
提取到 1 个报文 (7e起始0d结尾):
2025-12-30 23:17:03,003 - udp_server_core - INFO -   报文 1:
2025-12-30 23:17:03,003 - udp_server_core - INFO -     原始数据: b'~2\x01\x01\\\x05Nb\r'
2025-12-30 23:17:03,004 - udp_server_core - INFO -     16进制: 7E3201015C054E620D
2025-12-30 23:17:03,004 - udp_server_core - INFO -     长度: 9 字节
2025-12-30 23:17:03,005 - udp_server_core - WARNING - 消息校验失败，未发送响应
2025-12-30 23:17:10,023 - udp_server_core - INFO - 
收到来自 127.0.0.1:49208 的请求
2025-12-30 23:17:10,024 - udp_server_core - INFO - 接收到的数据 (原始): b'~2\x01\x00\xe9\x06f\\\r'
2025-12-30 23:17:10,025 - udp_server_core - INFO - 接收到的数据 (16进制): 7E320100E906665C0D
2025-12-30 23:17:10,027 - udp_server_core - INFO - 
提取到 1 个报文 (7e起始0d结尾):
2025-12-30 23:17:10,027 - udp_server_core - INFO -   报文 1:
2025-12-30 23:17:10,028 - udp_server_core - INFO -     原始数据: b'~2\x01\x00\xe9\x06f\\\r'
2025-12-30 23:17:10,029 - udp_server_core - INFO -     16进制: 7E320100E906665C0D
2025-12-30 23:17:10,029 - udp_server_core - INFO -     长度: 9 字节
2025-12-30 23:17:10,031 - udp_server_core - WARNING - 消息校验失败，未发送响应
2025-12-30 23:17:17,046 - udp_server_core - INFO - 
收到来自 127.0.0.1:49208 的请求
2025-12-30 23:17:17,048 - udp_server_core - INFO - 接收到的数据 (原始): b'~2\x01\x01\x95>\x19\xdb\r'
2025-12-30 23:17:17,049 - udp_server_core - INFO - 接收到的数据 (16进制): 7E320101953E19DB0D
2025-12-30 23:17:17,051 - udp_server_core - INFO - 
提取到 1 个报文 (7e起始0d结尾):
2025-12-30 23:17:17,052 - udp_server_core - INFO -   报文 1:
2025-12-30 23:17:17,052 - udp_server_core - INFO -     原始数据: b'~2\x01\x01\x95>\x19\xdb\r'
2025-12-30 23:17:17,052 - udp_server_core - INFO -     16进制: 7E320101953E19DB0D
2025-12-30 23:17:17,052 - udp_server_core - INFO -     长度: 9 字节
2025-12-30 23:17:17,053 - udp_server_core - WARNING - 消息校验失败，未发送响应
2025-12-30 23:17:24,065 - udp_server_core - INFO - 
收到来自 127.0.0.1:49208 的请求
2025-12-30 23:17:24,067 - udp_server_core - INFO - 接收到的数据 (原始): b'~2\x01\x00\r\x07\xd9s\r'
2025-12-30 23:17:24,069 - udp_server_core - INFO - 接收到的数据 (16进制): 7E3201000D07D9730D
2025-12-30 23:17:24,070 - udp_server_core - INFO - 
提取到 1 个报文 (7e起始0d结尾):
2025-12-30 23:17:24,070 - udp_server_core - INFO -   报文 1:
2025-12-30 23:17:24,070 - udp_server_core - INFO -     原始数据: b'~2\x01\x00\r'
2025-12-30 23:17:24,070 - udp_server_core - INFO -     16进制: 7E3201000D
2025-12-30 23:17:24,071 - udp_server_core - INFO -     长度: 5 字节
2025-12-30 23:17:24,071 - udp_server_core - WARNING - 消息校验失败，未发送响应
2025-12-30 23:17:31,082 - udp_server_core - INFO - 
收到来自 127.0.0.1:49208 的请求
2025-12-30 23:17:31,083 - udp_server_core - INFO - 接收到的数据 (原始): b'~2\x01\x01\x01\xe0^\x17\r'
2025-12-30 23:17:31,085 - udp_server_core - INFO - 接收到的数据 (16进制): 7E32010101E05E170D
2025-12-30 23:17:31,087 - udp_server_core - INFO - 
提取到 1 个报文 (7e起始0d结尾):
2025-12-30 23:17:31,087 - udp_server_core - INFO -   报文 1:
2025-12-30 23:17:31,088 - udp_server_core - INFO -     原始数据: b'~2\x01\x01\x01\xe0^\x17\r'
2025-12-30 23:17:31,089 - udp_server_core - INFO -     16进制: 7E32010101E05E170D
2025-12-30 23:17:31,089 - udp_server_core - INFO -     长度: 9 字节
2025-12-30 23:17:31,091 - udp_server_core - WARNING - 消息校验失败，未发送响应
2025-12-30 23:17:38,110 - udp_server_core - INFO - 
收到来自 127.0.0.1:49208 的请求
2025-12-30 23:17:38,111 - udp_server_core - INFO - 接收到的数据 (原始): b'~2\x01\x01\xa5N\x0e\xe0\r'
2025-12-30 23:17:38,113 - udp_server_core - INFO - 接收到的数据 (16进制): 7E320101A54E0EE00D
2025-12-30 23:17:38,115 - udp_server_core - INFO - 
提取到 1 个报文 (7e起始0d结尾):
2025-12-30 23:17:38,115 - udp_server_core - INFO -   报文 1:
2025-12-30 23:17:38,116 - udp_server_core - INFO -     原始数据: b'~2\x01\x01\xa5N\x0e\xe0\r'
2025-12-30 23:17:38,117 - udp_server_core - INFO -     16进制: 7E320101A54E0EE00D
2025-12-30 23:17:38,117 - udp_server_core - INFO -     长度: 9 字节
2025-12-30 23:17:38,119 - udp_server_core - WARNING - 消息校验失败，未发送响应
2025-12-30 23:17:45,121 - udp_server_core - INFO - 
收到来自 127.0.0.1:49208 的请求
2025-12-30 23:17:45,123 - udp_server_core - INFO - 接收到的数据 (原始): b'~2\x01\x00\x99\xd6\xffI\r'
2025-12-30 23:17:45,125 - udp_server_core - INFO - 接收到的数据 (16进制): 7E32010099D6FF490D
2025-12-30 23:17:45,127 - udp_server_core - INFO - 
提取到 1 个报文 (7e起始0d结尾):
2025-12-30 23:17:45,128 - udp_server_core - INFO -   报文 1:
2025-12-30 23:17:45,129 - udp_server_core - INFO -     原始数据: b'~2\x01\x00\x99\xd6\xffI\r'
2025-12-30 23:17:45,129 - udp_server_core - INFO -     16进制: 7E32010099D6FF490D
2025-12-30 23:17:45,130 - udp_server_core - INFO -     长度: 9 字节
2025-12-30 23:17:45,132 - udp_server_core - WARNING - 消息校验失败，未发送响应
2025-12-30 23:17:52,145 - udp_server_core - INFO - 
收到来自 127.0.0.1:49208 的请求
2025-12-30 23:17:52,146 - udp_server_core - INFO - 接收到的数据 (原始): b'~2\x01\x02D\xb7\xac\xa0\r'
2025-12-30 23:17:52,147 - udp_server_core - INFO - 接收到的数据 (16进制): 7E32010244B7ACA00D
2025-12-30 23:17:52,149 - udp_server_core - INFO - 
提取到 1 个报文 (7e起始0d结尾):
2025-12-30 23:17:52,150 - udp_server_core - INFO -   报文 1:
2025-12-30 23:17:52,151 - udp_server_core - INFO -     原始数据: b'~2\x01\x02D\xb7\xac\xa0\r'
2025-12-30 23:17:52,151 - udp_server_core - INFO -     16进制: 7E32010244B7ACA00D
2025-12-30 23:17:52,152 - udp_server_core - INFO -     长度: 9 字节
2025-12-30 23:17:52,154 - udp_server_core - WARNING - 消息校验失败，未发送响应
2025-12-30 23:17:59,158 - udp_server_core - INFO - 
收到来自 127.0.0.1:49208 的请求
2025-12-30 23:17:59,159 - udp_server_core - INFO - 接收到的数据 (原始): b'~2\x01\x00\t\xcd\xe5I\r'
2025-12-30 23:17:59,160 - udp_server_core - INFO - 接收到的数据 (16进制): 7E32010009CDE5490D
2025-12-30 23:17:59,162 - udp_server_core - INFO - 
提取到 1 个报文 (7e起始0d结尾):
2025-12-30 23:17:59,163 - udp_server_core - INFO -   报文 1:
2025-12-30 23:17:59,164 - udp_server_core - INFO -     原始数据: b'~2\x01\x00\t\xcd\xe5I\r'
2025-12-30 23:17:59,164 - udp_server_core - INFO -     16进制: 7E32010009CDE5490D
2025-12-30 23:17:59,164 - udp_server_core - INFO -     长度: 9 字节
2025-12-30 23:17:59,165 - udp_server_core - WARNING - 消息校验失败，未发送响应
2025-12-30 23:18:06,165 - udp_server_core - INFO - 
收到来自 127.0.0.1:49208 的请求
2025-12-30 23:18:06,167 - udp_server_core - INFO - 接收到的数据 (原始): b'~2\x01\x01\x8b$\x05B\r'
2025-12-30 23:18:06,168 - udp_server_core - INFO - 接收到的数据 (16进制): 7E3201018B2405420D
2025-12-30 23:18:06,170 - udp_server_core - INFO - 
提取到 1 个报文 (7e起始0d结尾):
2025-12-30 23:18:06,171 - udp_server_core - INFO -   报文 1:
2025-12-30 23:18:06,171 - udp_server_core - INFO -     原始数据: b'~2\x01\x01\x8b$\x05B\r'
2025-12-30 23:18:06,172 - udp_server_core - INFO -     16进制: 7E3201018B2405420D
2025-12-30 23:18:06,172 - udp_server_core - INFO -     长度: 9 字节
2025-12-30 23:18:06,174 - udp_server_core - WARNING - 消息校验失败，未发送响应
2025-12-30 23:18:13,179 - udp_server_core - INFO - 
收到来自 127.0.0.1:49208 的请求
2025-12-30 23:18:13,181 - udp_server_core - INFO - 接收到的数据 (原始): b'~2\x01\x01\xce\xdd_\xcc\r'
2025-12-30 23:18:13,183 - udp_server_core - INFO - 接收到的数据 (16进制): 7E320101CEDD5FCC0D
2025-12-30 23:18:13,184 - udp_server_core - INFO - 
提取到 1 个报文 (7e起始0d结尾):
2025-12-30 23:18:13,185 - udp_server_core - INFO -   报文 1:
2025-12-30 23:18:13,186 - udp_server_core - INFO -     原始数据: b'~2\x01\x01\xce\xdd_\xcc\r'
2025-12-30 23:18:13,186 - udp_server_core - INFO -     16进制: 7E320101CEDD5FCC0D
2025-12-30 23:18:13,187 - udp_server_core - INFO -     长度: 9 字节
2025-12-30 23:18:13,189 - udp_server_core - WARNING - 消息校验失败，未发送响应
2025-12-30 23:18:20,204 - udp_server_core - INFO - 
收到来自 127.0.0.1:49208 的请求
2025-12-30 23:18:20,205 - udp_server_core - INFO - 接收到的数据 (原始): b'~2\x01\x00\xf7\x18\x93\x04\r'
2025-12-30 23:18:20,206 - udp_server_core - INFO - 接收到的数据 (16进制): 7E320100F71893040D
2025-12-30 23:18:20,208 - udp_server_core - INFO - 
提取到 1 个报文 (7e起始0d结尾):
2025-12-30 23:18:20,208 - udp_server_core - INFO -   报文 1:
2025-12-30 23:18:20,209 - udp_server_core - INFO -     原始数据: b'~2\x01\x00\xf7\x18\x93\x04\r'
2025-12-30 23:18:20,209 - udp_server_core - INFO -     16进制: 7E320100F71893040D
2025-12-30 23:18:20,210 - udp_server_core - INFO -     长度: 9 字节
2025-12-30 23:18:20,212 - udp_server_core - WARNING - 消息校验失败，未发送响应
2025-12-30 23:18:27,220 - udp_server_core - INFO - 
收到来自 127.0.0.1:49208 的请求
2025-12-30 23:18:27,221 - udp_server_core - INFO - 接收到的数据 (原始): b'~2\x01\x00L\xc2Ug\r'
2025-12-30 23:18:27,221 - udp_server_core - INFO - 接收到的数据 (16进制): 7E3201004CC255670D
2025-12-30 23:18:27,222 - udp_server_core - INFO - 
提取到 1 个报文 (7e起始0d结尾):
2025-12-30 23:18:27,222 - udp_server_core - INFO -   报文 1:
2025-12-30 23:18:27,222 - udp_server_core - INFO -     原始数据: b'~2\x01\x00L\xc2Ug\r'
2025-12-30 23:18:27,222 - udp_server_core - INFO -     16进制: 7E3201004CC255670D
2025-12-30 23:18:27,222 - udp_server_core - INFO -     长度: 9 字节
2025-12-30 23:18:27,223 - udp_server_core - WARNING - 消息校验失败，未发送响应
2025-12-30 23:18:34,237 - udp_server_core - INFO - 
收到来自 127.0.0.1:49208 的请求
2025-12-30 23:18:34,237 - udp_server_core - INFO - 接收到的数据 (原始): b'~2\x01\x01\xbc^\xb8\xc3\r'
2025-12-30 23:18:34,237 - udp_server_core - INFO - 接收到的数据 (16进制): 7E320101BC5EB8C30D
2025-12-30 23:18:34,238 - udp_server_core - INFO - 
提取到 1 个报文 (7e起始0d结尾):
2025-12-30 23:18:34,238 - udp_server_core - INFO -   报文 1:
2025-12-30 23:18:34,238 - udp_server_core - INFO -     原始数据: b'~2\x01\x01\xbc^\xb8\xc3\r'
2025-12-30 23:18:34,238 - udp_server_core - INFO -     16进制: 7E320101BC5EB8C30D
2025-12-30 23:18:34,238 - udp_server_core - INFO -     长度: 9 字节
2025-12-30 23:18:34,238 - udp_server_core - WARNING - 消息校验失败，未发送响应
2025-12-30 23:18:41,262 - udp_server_core - INFO - 
收到来自 127.0.0.1:49208 的请求
2025-12-30 23:18:41,263 - udp_server_core - INFO - 接收到的数据 (原始): b'~2\x01\x01\xb5\rc\xdc\r'
2025-12-30 23:18:41,264 - udp_server_core - INFO - 接收到的数据 (16进制): 7E320101B50D63DC0D
2025-12-30 23:18:41,266 - udp_server_core - INFO - 
提取到 1 个报文 (7e起始0d结尾):
2025-12-30 23:18:41,266 - udp_server_core - INFO -   报文 1:
2025-12-30 23:18:41,267 - udp_server_core - INFO -     原始数据: b'~2\x01\x01\xb5\r'
2025-12-30 23:18:41,267 - udp_server_core - INFO -     16进制: 7E320101B50D
2025-12-30 23:18:41,267 - udp_server_core - INFO -     长度: 6 字节
2025-12-30 23:18:41,268 - udp_server_core - WARNING - 消息校验失败，未发送响应
2025-12-30 23:18:48,281 - udp_server_core - INFO - 
收到来自 127.0.0.1:49208 的请求
2025-12-30 23:18:48,283 - udp_server_core - INFO - 接收到的数据 (原始): b'~2\x01\x00\xd2\x8c\xb5\x7f\r'
2025-12-30 23:18:48,284 - udp_server_core - INFO - 接收到的数据 (16进制): 7E320100D28CB57F0D
2025-12-30 23:18:48,286 - udp_server_core - INFO - 
提取到 1 个报文 (7e起始0d结尾):
2025-12-30 23:18:48,287 - udp_server_core - INFO -   报文 1:
2025-12-30 23:18:48,287 - udp_server_core - INFO -     原始数据: b'~2\x01\x00\xd2\x8c\xb5\x7f\r'
2025-12-30 23:18:48,288 - udp_server_core - INFO -     16进制: 7E320100D28CB57F0D
2025-12-30 23:18:48,288 - udp_server_core - INFO -     长度: 9 字节
2025-12-30 23:18:48,290 - udp_server_core - WARNING - 消息校验失败，未发送响应
2025-12-30 23:18:55,300 - udp_server_core - INFO - 
收到来自 127.0.0.1:49208 的请求
2025-12-30 23:18:55,301 - udp_server_core - INFO - 接收到的数据 (原始): b'~2\x01\x01\xcaF\xfbL\r'
2025-12-30 23:18:55,303 - udp_server_core - INFO - 接收到的数据 (16进制): 7E320101CA46FB4C0D
2025-12-30 23:18:55,304 - udp_server_core - INFO - 
提取到 1 个报文 (7e起始0d结尾):
2025-12-30 23:18:55,304 - udp_server_core - INFO -   报文 1:
2025-12-30 23:18:55,305 - udp_server_core - INFO -     原始数据: b'~2\x01\x01\xcaF\xfbL\r'
2025-12-30 23:18:55,305 - udp_server_core - INFO -     16进制: 7E320101CA46FB4C0D
2025-12-30 23:18:55,305 - udp_server_core - INFO -     长度: 9 字节
2025-12-30 23:18:55,306 - udp_server_core - WARNING - 消息校验失败，未发送响应
2025-12-30 23:19:02,318 - udp_server_core - INFO - 
收到来自 127.0.0.1:49208 的请求
2025-12-30 23:19:02,320 - udp_server_core - INFO - 接收到的数据 (原始): b'~2\x01\x00\xd22\xd6\x13\r'
2025-12-30 23:19:02,322 - udp_server_core - INFO - 接收到的数据 (16进制): 7E320100D232D6130D
2025-12-30 23:19:02,324 - udp_server_core - INFO - 
提取到 1 个报文 (7e起始0d结尾):
2025-12-30 23:19:02,325 - udp_server_core - INFO -   报文 1:
2025-12-30 23:19:02,325 - udp_server_core - INFO -     原始数据: b'~2\x01\x00\xd22\xd6\x13\r'
2025-12-30 23:19:02,326 - udp_server_core - INFO -     16进制: 7E320100D232D6130D
2025-12-30 23:19:02,326 - udp_server_core - INFO -     长度: 9 字节
2025-12-30 23:19:02,328 - udp_server_core - WARNING - 消息校验失败，未发送响应
2025-12-30 23:19:09,332 - udp_server_core - INFO - 
收到来自 127.0.0.1:49208 的请求
2025-12-30 23:19:09,334 - udp_server_core - INFO - 接收到的数据 (原始): b'~2\x01\x01\x8at\x11\x02\r'
2025-12-30 23:19:09,336 - udp_server_core - INFO - 接收到的数据 (16进制): 7E3201018A7411020D
2025-12-30 23:19:09,337 - udp_server_core - INFO - 
提取到 1 个报文 (7e起始0d结尾):
2025-12-30 23:19:09,338 - udp_server_core - INFO -   报文 1:
2025-12-30 23:19:09,338 - udp_server_core - INFO -     原始数据: b'~2\x01\x01\x8at\x11\x02\r'
2025-12-30 23:19:09,338 - udp_server_core - INFO -     16进制: 7E3201018A7411020D
2025-12-30 23:19:09,338 - udp_server_core - INFO -     长度: 9 字节
2025-12-30 23:19:09,339 - udp_server_core - WARNING - 消息校验失败，未发送响应
2025-12-30 23:19:16,353 - udp_server_core - INFO - 
收到来自 127.0.0.1:49208 的请求
2025-12-30 23:19:16,356 - udp_server_core - INFO - 接收到的数据 (原始): b'~2\x01\x01^Wo\xb8\r'
2025-12-30 23:19:16,357 - udp_server_core - INFO - 接收到的数据 (16进制): 7E3201015E576FB80D
2025-12-30 23:19:16,359 - udp_server_core - INFO - 
提取到 1 个报文 (7e起始0d结尾):
2025-12-30 23:19:16,359 - udp_server_core - INFO -   报文 1:
2025-12-30 23:19:16,359 - udp_server_core - INFO -     原始数据: b'~2\x01\x01^Wo\xb8\r'
2025-12-30 23:19:16,359 - udp_server_core - INFO -     16进制: 7E3201015E576FB80D
2025-12-30 23:19:16,359 - udp_server_core - INFO -     长度: 9 字节
2025-12-30 23:19:16,361 - udp_server_core - WARNING - 消息校验失败，未发送响应
2025-12-30 23:19:23,378 - udp_server_core - INFO - 
收到来自 127.0.0.1:49208 的请求
2025-12-30 23:19:23,380 - udp_server_core - INFO - 接收到的数据 (原始): b'~2\x01\x01!k\\\xfb\r'
2025-12-30 23:19:23,381 - udp_server_core - INFO - 接收到的数据 (16进制): 7E320101216B5CFB0D
2025-12-30 23:19:23,383 - udp_server_core - INFO - 
提取到 1 个报文 (7e起始0d结尾):
2025-12-30 23:19:23,384 - udp_server_core - INFO -   报文 1:
2025-12-30 23:19:23,385 - udp_server_core - INFO -     原始数据: b'~2\x01\x01!k\\\xfb\r'
2025-12-30 23:19:23,385 - udp_server_core - INFO -     16进制: 7E320101216B5CFB0D
2025-12-30 23:19:23,386 - udp_server_core - INFO -     长度: 9 字节
2025-12-30 23:19:23,388 - udp_server_core - WARNING - 消息校验失败，未发送响应
2025-12-30 23:19:30,407 - udp_server_core - INFO - 
收到来自 127.0.0.1:49208 的请求
2025-12-30 23:19:30,409 - udp_server_core - INFO - 接收到的数据 (原始): b'~2\x01\x01\xd3\x92e\xff\r'
2025-12-30 23:19:30,411 - udp_server_core - INFO - 接收到的数据 (16进制): 7E320101D39265FF0D
2025-12-30 23:19:30,413 - udp_server_core - INFO - 
提取到 1 个报文 (7e起始0d结尾):
2025-12-30 23:19:30,413 - udp_server_core - INFO -   报文 1:
2025-12-30 23:19:30,413 - udp_server_core - INFO -     原始数据: b'~2\x01\x01\xd3\x92e\xff\r'
2025-12-30 23:19:30,413 - udp_server_core - INFO -     16进制: 7E320101D39265FF0D
2025-12-30 23:19:30,413 - udp_server_core - INFO -     长度: 9 字节
2025-12-30 23:19:30,414 - udp_server_core - WARNING - 消息校验失败，未发送响应
2025-12-30 23:19:37,414 - udp_server_core - INFO - 
收到来自 127.0.0.1:49208 的请求
2025-12-30 23:19:37,415 - udp_server_core - INFO - 接收到的数据 (原始): b'~2\x01\x00\x00\xaa\tH\r'
2025-12-30 23:19:37,415 - udp_server_core - INFO - 接收到的数据 (16进制): 7E32010000AA09480D
2025-12-30 23:19:37,415 - udp_server_core - INFO - 
提取到 1 个报文 (7e起始0d结尾):
2025-12-30 23:19:37,416 - udp_server_core - INFO -   报文 1:
2025-12-30 23:19:37,416 - udp_server_core - INFO -     原始数据: b'~2\x01\x00\x00\xaa\tH\r'
2025-12-30 23:19:37,416 - udp_server_core - INFO -     16进制: 7E32010000AA09480D
2025-12-30 23:19:37,416 - udp_server_core - INFO -     长度: 9 字节
2025-12-30 23:19:37,417 - udp_server_core - WARNING - 消息校验失败，未发送响应
2025-12-30 23:19:44,443 - udp_server_core - INFO - 
收到来自 127.0.0.1:49208 的请求
2025-12-30 23:19:44,445 - udp_server_core - INFO - 接收到的数据 (原始): b'~2\x01\x00J\nk\x8a\r'
2025-12-30 23:19:44,445 - udp_server_core - INFO - 接收到的数据 (16进制): 7E3201004A0A6B8A0D
2025-12-30 23:19:44,446 - udp_server_core - INFO - 
提取到 1 个报文 (7e起始0d结尾):
2025-12-30 23:19:44,446 - udp_server_core - INFO -   报文 1:
2025-12-30 23:19:44,446 - udp_server_core - INFO -     原始数据: b'~2\x01\x00J\nk\x8a\r'
2025-12-30 23:19:44,446 - udp_server_core - INFO -     16进制: 7E3201004A0A6B8A0D
2025-12-30 23:19:44,447 - udp_server_core - INFO -     长度: 9 字节
2025-12-30 23:19:44,449 - udp_server_core - WARNING - 消息校验失败，未发送响应
2025-12-30 23:19:51,459 - udp_server_core - INFO - 
收到来自 127.0.0.1:49208 的请求
2025-12-30 23:19:51,461 - udp_server_core - INFO - 接收到的数据 (原始): b'~2\x01\x00>\x05\x126\r'
2025-12-30 23:19:51,462 - udp_server_core - INFO - 接收到的数据 (16进制): 7E3201003E0512360D
2025-12-30 23:19:51,464 - udp_server_core - INFO - 
提取到 1 个报文 (7e起始0d结尾):
2025-12-30 23:19:51,464 - udp_server_core - INFO -   报文 1:
2025-12-30 23:19:51,464 - udp_server_core - INFO -     原始数据: b'~2\x01\x00>\x05\x126\r'
2025-12-30 23:19:51,464 - udp_server_core - INFO -     16进制: 7E3201003E0512360D
2025-12-30 23:19:51,464 - udp_server_core - INFO -     长度: 9 字节
2025-12-30 23:19:51,465 - udp_server_core - WARNING - 消息校验失败，未发送响应
2025-12-30 23:19:58,477 - udp_server_core - INFO - 
收到来自 127.0.0.1:49208 的请求
2025-12-30 23:19:58,477 - udp_server_core - INFO - 接收到的数据 (原始): b'~2\x01\x01\xff\x02-\xfb\r'
2025-12-30 23:19:58,477 - udp_server_core - INFO - 接收到的数据 (16进制): 7E320101FF022DFB0D
2025-12-30 23:19:58,477 - udp_server_core - INFO - 
提取到 1 个报文 (7e起始0d结尾):
2025-12-30 23:19:58,478 - udp_server_core - INFO -   报文 1:
2025-12-30 23:19:58,478 - udp_server_core - INFO -     原始数据: b'~2\x01\x01\xff\x02-\xfb\r'
2025-12-30 23:19:58,478 - udp_server_core - INFO -     16进制: 7E320101FF022DFB0D
2025-12-30 23:19:58,478 - udp_server_core - INFO -     长度: 9 字节
2025-12-30 23:19:58,478 - udp_server_core - WARNING - 消息校验失败，未发送响应
2025-12-30 23:20:05,500 - udp_server_core - INFO - 
收到来自 127.0.0.1:49208 的请求
2025-12-30 23:20:05,502 - udp_server_core - INFO - 接收到的数据 (原始): b'~2\x01\x02R\xd6\xd8\xfe\r'
2025-12-30 23:20:05,504 - udp_server_core - INFO - 接收到的数据 (16进制): 7E32010252D6D8FE0D
2025-12-30 23:20:05,505 - udp_server_core - INFO - 
提取到 1 个报文 (7e起始0d结尾):
2025-12-30 23:20:05,505 - udp_server_core - INFO -   报文 1:
2025-12-30 23:20:05,505 - udp_server_core - INFO -     原始数据: b'~2\x01\x02R\xd6\xd8\xfe\r'
2025-12-30 23:20:05,505 - udp_server_core - INFO -     16进制: 7E32010252D6D8FE0D
2025-12-30 23:20:05,506 - udp_server_core - INFO -     长度: 9 字节
2025-12-30 23:20:05,506 - udp_server_core - WARNING - 消息校验失败，未发送响应
2025-12-30 23:20:12,524 - udp_server_core - INFO - 
收到来自 127.0.0.1:49208 的请求
2025-12-30 23:20:12,526 - udp_server_core - INFO - 接收到的数据 (原始): b'~2\x01\x005\xd4?7\r'
2025-12-30 23:20:12,527 - udp_server_core - INFO - 接收到的数据 (16进制): 7E32010035D43F370D
2025-12-30 23:20:12,529 - udp_server_core - INFO - 
提取到 1 个报文 (7e起始0d结尾):
2025-12-30 23:20:12,530 - udp_server_core - INFO -   报文 1:
2025-12-30 23:20:12,530 - udp_server_core - INFO -     原始数据: b'~2\x01\x005\xd4?7\r'
2025-12-30 23:20:12,531 - udp_server_core - INFO -     16进制: 7E32010035D43F370D
2025-12-30 23:20:12,531 - udp_server_core - INFO -     长度: 9 字节
2025-12-30 23:20:12,533 - udp_server_core - WARNING - 消息校验失败，未发送响应
2025-12-30 23:20:19,550 - udp_server_core - INFO - 
收到来自 127.0.0.1:49208 的请求
2025-12-30 23:20:19,551 - udp_server_core - INFO - 接收到的数据 (原始): b'~2\x01\x00[L\xba\xf7\r'
2025-12-30 23:20:19,552 - udp_server_core - INFO - 接收到的数据 (16进制): 7E3201005B4CBAF70D
2025-12-30 23:20:19,553 - udp_server_core - INFO - 
提取到 1 个报文 (7e起始0d结尾):
2025-12-30 23:20:19,553 - udp_server_core - INFO -   报文 1:
2025-12-30 23:20:19,553 - udp_server_core - INFO -     原始数据: b'~2\x01\x00[L\xba\xf7\r'
2025-12-30 23:20:19,554 - udp_server_core - INFO -     16进制: 7E3201005B4CBAF70D
2025-12-30 23:20:19,554 - udp_server_core - INFO -     长度: 9 字节
2025-12-30 23:20:19,556 - udp_server_core - WARNING - 消息校验失败，未发送响应
2025-12-30 23:20:26,577 - udp_server_core - INFO - 
收到来自 127.0.0.1:49208 的请求
2025-12-30 23:20:26,578 - udp_server_core - INFO - 接收到的数据 (原始): b'~2\x01\x006|\xa6\xb5\r'
2025-12-30 23:20:26,578 - udp_server_core - INFO - 接收到的数据 (16进制): 7E320100367CA6B50D
2025-12-30 23:20:26,579 - udp_server_core - INFO - 
提取到 1 个报文 (7e起始0d结尾):
2025-12-30 23:20:26,579 - udp_server_core - INFO -   报文 1:
2025-12-30 23:20:26,580 - udp_server_core - INFO -     原始数据: b'~2\x01\x006|\xa6\xb5\r'
2025-12-30 23:20:26,580 - udp_server_core - INFO -     16进制: 7E320100367CA6B50D
2025-12-30 23:20:26,580 - udp_server_core - INFO -     长度: 9 字节
2025-12-30 23:20:26,581 - udp_server_core - WARNING - 消息校验失败，未发送响应
