2025-12-30 23:16:41,966 - udp_client_core - INFO - UDP客户端初始化完成，目标服务器: 127.0.0.1:8081
2025-12-30 23:16:41,966 - udp_client_core - INFO - 发送数据: 7E320100893F837C0D
2025-12-30 23:16:46,967 - udp_client_core - WARNING - 未收到服务器响应，超时！
2025-12-30 23:16:48,971 - udp_client_core - INFO - 发送数据: 7E3201012D5ACD140D
2025-12-30 23:16:53,979 - udp_client_core - WARNING - 未收到服务器响应，超时！
2025-12-30 23:16:55,984 - udp_client_core - INFO - 发送数据: 7E3201002416EABF0D
2025-12-30 23:17:00,987 - udp_client_core - WARNING - 未收到服务器响应，超时！
2025-12-30 23:17:03,000 - udp_client_core - INFO - 发送数据: 7E3201015C054E620D
2025-12-30 23:17:08,011 - udp_client_core - WARNING - 未收到服务器响应，超时！
2025-12-30 23:17:10,021 - udp_client_core - INFO - 发送数据: 7E320100E906665C0D
2025-12-30 23:17:15,031 - udp_client_core - WARNING - 未收到服务器响应，超时！
2025-12-30 23:17:17,043 - udp_client_core - INFO - 发送数据: 7E320101953E19DB0D
2025-12-30 23:17:22,047 - udp_client_core - WARNING - 未收到服务器响应，超时！
2025-12-30 23:17:24,062 - udp_client_core - INFO - 发送数据: 7E3201000D07D9730D
2025-12-30 23:17:29,070 - udp_client_core - WARNING - 未收到服务器响应，超时！
2025-12-30 23:17:31,078 - udp_client_core - INFO - 发送数据: 7E32010101E05E170D
2025-12-30 23:17:36,092 - udp_client_core - WARNING - 未收到服务器响应，超时！
2025-12-30 23:17:38,107 - udp_client_core - INFO - 发送数据: 7E320101A54E0EE00D
2025-12-30 23:17:43,111 - udp_client_core - WARNING - 未收到服务器响应，超时！
2025-12-30 23:17:45,118 - udp_client_core - INFO - 发送数据: 7E32010099D6FF490D
2025-12-30 23:17:50,125 - udp_client_core - WARNING - 未收到服务器响应，超时！
2025-12-30 23:17:52,142 - udp_client_core - INFO - 发送数据: 7E32010244B7ACA00D
2025-12-30 23:17:57,153 - udp_client_core - WARNING - 未收到服务器响应，超时！
2025-12-30 23:17:59,156 - udp_client_core - INFO - 发送数据: 7E32010009CDE5490D
2025-12-30 23:18:04,160 - udp_client_core - WARNING - 未收到服务器响应，超时！
2025-12-30 23:18:06,161 - udp_client_core - INFO - 发送数据: 7E3201018B2405420D
2025-12-30 23:18:11,165 - udp_client_core - WARNING - 未收到服务器响应，超时！
2025-12-30 23:18:13,176 - udp_client_core - INFO - 发送数据: 7E320101CEDD5FCC0D
2025-12-30 23:18:18,191 - udp_client_core - WARNING - 未收到服务器响应，超时！
2025-12-30 23:18:20,201 - udp_client_core - INFO - 发送数据: 7E320100F71893040D
2025-12-30 23:18:25,208 - udp_client_core - WARNING - 未收到服务器响应，超时！
2025-12-30 23:18:27,216 - udp_client_core - INFO - 发送数据: 7E3201004CC255670D
2025-12-30 23:18:32,231 - udp_client_core - WARNING - 未收到服务器响应，超时！
2025-12-30 23:18:34,237 - udp_client_core - INFO - 发送数据: 7E320101BC5EB8C30D
2025-12-30 23:18:39,246 - udp_client_core - WARNING - 未收到服务器响应，超时！
2025-12-30 23:18:41,260 - udp_client_core - INFO - 发送数据: 7E320101B50D63DC0D
2025-12-30 23:18:46,271 - udp_client_core - WARNING - 未收到服务器响应，超时！
2025-12-30 23:18:48,278 - udp_client_core - INFO - 发送数据: 7E320100D28CB57F0D
2025-12-30 23:18:53,281 - udp_client_core - WARNING - 未收到服务器响应，超时！
2025-12-30 23:18:55,296 - udp_client_core - INFO - 发送数据: 7E320101CA46FB4C0D
2025-12-30 23:19:00,306 - udp_client_core - WARNING - 未收到服务器响应，超时！
2025-12-30 23:19:02,315 - udp_client_core - INFO - 发送数据: 7E320100D232D6130D
2025-12-30 23:19:07,319 - udp_client_core - WARNING - 未收到服务器响应，超时！
2025-12-30 23:19:09,329 - udp_client_core - INFO - 发送数据: 7E3201018A7411020D
2025-12-30 23:19:14,341 - udp_client_core - WARNING - 未收到服务器响应，超时！
2025-12-30 23:19:16,350 - udp_client_core - INFO - 发送数据: 7E3201015E576FB80D
2025-12-30 23:19:21,358 - udp_client_core - WARNING - 未收到服务器响应，超时！
2025-12-30 23:19:23,375 - udp_client_core - INFO - 发送数据: 7E320101216B5CFB0D
2025-12-30 23:19:28,390 - udp_client_core - WARNING - 未收到服务器响应，超时！
2025-12-30 23:19:30,404 - udp_client_core - INFO - 发送数据: 7E320101D39265FF0D
2025-12-30 23:19:35,410 - udp_client_core - WARNING - 未收到服务器响应，超时！
2025-12-30 23:19:37,414 - udp_client_core - INFO - 发送数据: 7E32010000AA09480D
2025-12-30 23:19:42,429 - udp_client_core - WARNING - 未收到服务器响应，超时！
2025-12-30 23:19:44,440 - udp_client_core - INFO - 发送数据: 7E3201004A0A6B8A0D
2025-12-30 23:19:49,448 - udp_client_core - WARNING - 未收到服务器响应，超时！
2025-12-30 23:19:51,455 - udp_client_core - INFO - 发送数据: 7E3201003E0512360D
2025-12-30 23:19:56,465 - udp_client_core - WARNING - 未收到服务器响应，超时！
2025-12-30 23:19:58,477 - udp_client_core - INFO - 发送数据: 7E320101FF022DFB0D
2025-12-30 23:20:03,485 - udp_client_core - WARNING - 未收到服务器响应，超时！
2025-12-30 23:20:05,497 - udp_client_core - INFO - 发送数据: 7E32010252D6D8FE0D
2025-12-30 23:20:10,508 - udp_client_core - WARNING - 未收到服务器响应，超时！
2025-12-30 23:20:12,521 - udp_client_core - INFO - 发送数据: 7E32010035D43F370D
2025-12-30 23:20:17,535 - udp_client_core - WARNING - 未收到服务器响应，超时！
2025-12-30 23:20:19,549 - udp_client_core - INFO - 发送数据: 7E3201005B4CBAF70D
2025-12-30 23:20:24,563 - udp_client_core - WARNING - 未收到服务器响应，超时！
2025-12-30 23:20:26,576 - udp_client_core - INFO - 发送数据: 7E320100367CA6B50D
